<?xml version="1.0" encoding="UTF-8"?>
<!-- Generated by org.testng.reporters.JUnitReportReporter -->
<testsuite hostname="Vorgan" failures="0" tests="1" name="api.users.TestLoginUser" time="3.687" errors="0" timestamp="2020-12-21T15:08:35 CET" skipped="0">
  <testcase classname="api.users.TestLoginUser" name="loginUserHappy" time="3.687"/>
  <system-out>
Request method:	POST
Request URI:	https://qa-task.backbasecloud.com/api/users/login
Proxy:			<none>
Request params:	<none>
Query params:	<none>
Form params:	<none>
Path params:	<none>
Headers:		authorization=Basic Y2FuZGlkYXRleDpxYS1pcy1jb29s
				authority=qa-task.backbasecloud.com
				Accept=application/json, application/javascript, text/javascript, text/json
				Content-Type=application/json; charset=UTF-8
Cookies:		<none>
Multiparts:		<none>
Body:
{
    "user": {
        "email": "gdnfte3gun@swhv.pl",
        "password": "jdsvzR",
        "username": null,
        "token": null
    }
}
 Request method:	POST
Request URI:	https://qa-task.backbasecloud.com/api/users/login
Proxy:			<none>
Request params:	<none>
Query params:	<none>
Form params:	<none>
Path params:	<none>
Headers:		authorization=Basic Y2FuZGlkYXRleDpxYS1pcy1jb29s
				authority=qa-task.backbasecloud.com
				Accept=application/json, application/javascript, text/javascript, text/json
				Content-Type=application/json; charset=UTF-8
Cookies:		<none>
Multiparts:		<none>
Body:
{
    "user": {
        "email": "gdnfte3gun@swhv.pl",
        "password": "jdsvzR",
        "username": null,
        "token": null
    }
} HTTP/1.1 200 OK
Server: nginx/1.14.0 (Ubuntu)
Date: Mon, 21 Dec 2020 14:08:28 GMT
Content-Type: application/json; charset=utf-8
Content-Length: 277
Connection: keep-alive
X-Powered-By: Express
Vary: X-HTTP-Method-Override
ETag: W/"115-FFpd6SIc+hDw//mIpbUC/g"
Strict-Transport-Security: max-age=15768000

{
    "user": {
        "username": "f8costa0ix",
        "email": "gdnfte3gun@swhv.pl",
        "token": "eyJhbGciOiJIUzI1NiIsInR5cCI6IkpXVCJ9.eyJpZCI6IjVmZTBhYzViNjkzMTg1OWE1ZWVkMDMwNSIsInVzZXJuYW1lIjoiZjhjb3N0YTBpeCIsImV4cCI6MTYxMzc0MzcwOCwiaWF0IjoxNjA4NTU5NzA4fQ.UBlqAUL_EXOwdaOQykKQHTiUBRHx0qNxV_p98EpyVbo"
    }
}
 HTTP/1.1 200 OK
Server: nginx/1.14.0 (Ubuntu)
Date: Mon, 21 Dec 2020 14:08:28 GMT
Content-Type: application/json; charset=utf-8
Content-Length: 277
Connection: keep-alive
X-Powered-By: Express
Vary: X-HTTP-Method-Override
ETag: W/"115-FFpd6SIc+hDw//mIpbUC/g"
Strict-Transport-Security: max-age=15768000

{
    "user": {
        "username": "f8costa0ix",
        "email": "gdnfte3gun@swhv.pl",
        "token": "eyJhbGciOiJIUzI1NiIsInR5cCI6IkpXVCJ9.eyJpZCI6IjVmZTBhYzViNjkzMTg1OWE1ZWVkMDMwNSIsInVzZXJuYW1lIjoiZjhjb3N0YTBpeCIsImV4cCI6MTYxMzc0MzcwOCwiaWF0IjoxNjA4NTU5NzA4fQ.UBlqAUL_EXOwdaOQykKQHTiUBRHx0qNxV_p98EpyVbo"
    }
}  </system-out>
</testsuite> <!-- api.users.TestLoginUser -->
