<?xml version="1.0" encoding="UTF-8"?>
<!-- Generated by org.testng.reporters.JUnitReportReporter -->
<testsuite hostname="Vorgan" failures="0" tests="1" name="api.users.TestLoginUser" time="3.659" errors="0" timestamp="2020-12-14T17:26:45 CET" skipped="0">
  <testcase classname="api.users.TestLoginUser" name="loginUserHappy" time="3.659"/>
  <system-out>
Request method:	POST
Request URI:	https://qa-task.backbasecloud.com/api/users/login
Proxy:			<none>
Request params:	<none>
Query params:	<none>
Form params:	<none>
Path params:	<none>
Headers:		authorization=Basic Y2FuZGlkYXRleDpxYS1pcy1jb29s
				authority=qa-task.backbasecloud.com
				Accept=application/json, application/javascript, text/javascript, text/json
				Content-Type=application/json; charset=UTF-8
Cookies:		<none>
Multiparts:		<none>
Body:
{
    "user": {
        "email": "veg994zipr@7jl9.pl",
        "password": "mcKcig",
        "username": null,
        "token": null
    }
}
 Request method:	POST
Request URI:	https://qa-task.backbasecloud.com/api/users/login
Proxy:			<none>
Request params:	<none>
Query params:	<none>
Form params:	<none>
Path params:	<none>
Headers:		authorization=Basic Y2FuZGlkYXRleDpxYS1pcy1jb29s
				authority=qa-task.backbasecloud.com
				Accept=application/json, application/javascript, text/javascript, text/json
				Content-Type=application/json; charset=UTF-8
Cookies:		<none>
Multiparts:		<none>
Body:
{
    "user": {
        "email": "veg994zipr@7jl9.pl",
        "password": "mcKcig",
        "username": null,
        "token": null
    }
} HTTP/1.1 200 OK
Server: nginx/1.14.0 (Ubuntu)
Date: Mon, 14 Dec 2020 16:26:44 GMT
Content-Type: application/json; charset=utf-8
Content-Length: 277
Connection: keep-alive
X-Powered-By: Express
Vary: X-HTTP-Method-Override
ETag: W/"115-4SpC4PJ0uNiZ0svS86u6Ag"
Strict-Transport-Security: max-age=15768000

{
    "user": {
        "username": "wzfwll5xka",
        "email": "veg994zipr@7jl9.pl",
        "token": "eyJhbGciOiJIUzI1NiIsInR5cCI6IkpXVCJ9.eyJpZCI6IjVmZDc5MjQzNjkzMTg1OWE1ZWVjZmYyNyIsInVzZXJuYW1lIjoid3pmd2xsNXhrYSIsImV4cCI6MTYxMzE0NzIwNCwiaWF0IjoxNjA3OTYzMjA0fQ.yxNlYRo3s8GmEcnxXEFBgq0mQdmKawuV9xbVFGRLFXc"
    }
}
 HTTP/1.1 200 OK
Server: nginx/1.14.0 (Ubuntu)
Date: Mon, 14 Dec 2020 16:26:44 GMT
Content-Type: application/json; charset=utf-8
Content-Length: 277
Connection: keep-alive
X-Powered-By: Express
Vary: X-HTTP-Method-Override
ETag: W/"115-4SpC4PJ0uNiZ0svS86u6Ag"
Strict-Transport-Security: max-age=15768000

{
    "user": {
        "username": "wzfwll5xka",
        "email": "veg994zipr@7jl9.pl",
        "token": "eyJhbGciOiJIUzI1NiIsInR5cCI6IkpXVCJ9.eyJpZCI6IjVmZDc5MjQzNjkzMTg1OWE1ZWVjZmYyNyIsInVzZXJuYW1lIjoid3pmd2xsNXhrYSIsImV4cCI6MTYxMzE0NzIwNCwiaWF0IjoxNjA3OTYzMjA0fQ.yxNlYRo3s8GmEcnxXEFBgq0mQdmKawuV9xbVFGRLFXc"
    }
}  </system-out>
</testsuite> <!-- api.users.TestLoginUser -->
