<?xml version="1.0" encoding="UTF-8"?>
<!-- Generated by org.testng.reporters.JUnitReportReporter -->
<testsuite hostname="Vorgan" failures="0" tests="2" name="api.users.TestRegisterUser" time="1.180" errors="0" timestamp="2020-12-14T17:26:45 CET" skipped="0">
  <testcase classname="api.users.TestRegisterUser" name="registerUserMissingPassword" time="0.556"/>
  <system-out>
Request method:	POST
Request URI:	https://qa-task.backbasecloud.com/api/users
Proxy:			<none>
Request params:	<none>
Query params:	<none>
Form params:	<none>
Path params:	<none>
Headers:		authorization=Basic Y2FuZGlkYXRleDpxYS1pcy1jb29s
				authority=qa-task.backbasecloud.com
				Accept=application/json, application/javascript, text/javascript, text/json
				Content-Type=application/json; charset=UTF-8
Cookies:		<none>
Multiparts:		<none>
Body:
{
    "user": {
        "email": "4ktA9pzBCt@qCm1.pl",
        "password": null,
        "username": "vXyGvzmDJ3",
        "token": null
    }
}
 Request method:	POST
Request URI:	https://qa-task.backbasecloud.com/api/users
Proxy:			<none>
Request params:	<none>
Query params:	<none>
Form params:	<none>
Path params:	<none>
Headers:		authorization=Basic Y2FuZGlkYXRleDpxYS1pcy1jb29s
				authority=qa-task.backbasecloud.com
				Accept=application/json, application/javascript, text/javascript, text/json
				Content-Type=application/json; charset=UTF-8
Cookies:		<none>
Multiparts:		<none>
Body:
{
    "user": {
        "email": "4ktA9pzBCt@qCm1.pl",
        "password": null,
        "username": "vXyGvzmDJ3",
        "token": null
    }
} HTTP/1.1 500 Internal Server Error
Server: nginx/1.14.0 (Ubuntu)
Date: Mon, 14 Dec 2020 16:26:45 GMT
Content-Type: application/json; charset=utf-8
Content-Length: 143
Connection: keep-alive
X-Powered-By: Express
Vary: X-HTTP-Method-Override
ETag: W/"8f-KLq9HHrLocDxBRW98sZsYQ"
Strict-Transport-Security: max-age=15768000

{
    "errors": {
        "message": "The \"password\" argument must be one of type string, Buffer, TypedArray, or DataView. Received type object",
        "error": {
            
        }
    }
}
 HTTP/1.1 500 Internal Server Error
Server: nginx/1.14.0 (Ubuntu)
Date: Mon, 14 Dec 2020 16:26:45 GMT
Content-Type: application/json; charset=utf-8
Content-Length: 143
Connection: keep-alive
X-Powered-By: Express
Vary: X-HTTP-Method-Override
ETag: W/"8f-KLq9HHrLocDxBRW98sZsYQ"
Strict-Transport-Security: max-age=15768000

{
    "errors": {
        "message": "The \"password\" argument must be one of type string, Buffer, TypedArray, or DataView. Received type object",
        "error": {
            
        }
    }
}  </system-out>
  <testcase classname="api.users.TestRegisterUser" name="registerUserHappy" time="0.624"/>
  <system-out>
Request method:	POST
Request URI:	https://qa-task.backbasecloud.com/api/users
Proxy:			<none>
Request params:	<none>
Query params:	<none>
Form params:	<none>
Path params:	<none>
Headers:		authorization=Basic Y2FuZGlkYXRleDpxYS1pcy1jb29s
				authority=qa-task.backbasecloud.com
				Accept=application/json, application/javascript, text/javascript, text/json
				Content-Type=application/json; charset=UTF-8
Cookies:		<none>
Multiparts:		<none>
Body:
{
    "user": {
        "email": "Ito41GSn8l@JmtZ.pl",
        "password": "gdgV30",
        "username": "0IRAGMzvcw",
        "token": null
    }
}
 Request method:	POST
Request URI:	https://qa-task.backbasecloud.com/api/users
Proxy:			<none>
Request params:	<none>
Query params:	<none>
Form params:	<none>
Path params:	<none>
Headers:		authorization=Basic Y2FuZGlkYXRleDpxYS1pcy1jb29s
				authority=qa-task.backbasecloud.com
				Accept=application/json, application/javascript, text/javascript, text/json
				Content-Type=application/json; charset=UTF-8
Cookies:		<none>
Multiparts:		<none>
Body:
{
    "user": {
        "email": "Ito41GSn8l@JmtZ.pl",
        "password": "gdgV30",
        "username": "0IRAGMzvcw",
        "token": null
    }
} HTTP/1.1 200 OK
Server: nginx/1.14.0 (Ubuntu)
Date: Mon, 14 Dec 2020 16:26:44 GMT
Content-Type: application/json; charset=utf-8
Content-Length: 277
Connection: keep-alive
X-Powered-By: Express
Vary: X-HTTP-Method-Override
ETag: W/"115-nbSW8zyNQ6ykmwwNWp44Xw"
Strict-Transport-Security: max-age=15768000

{
    "user": {
        "username": "0iragmzvcw",
        "email": "ito41gsn8l@jmtz.pl",
        "token": "eyJhbGciOiJIUzI1NiIsInR5cCI6IkpXVCJ9.eyJpZCI6IjVmZDc5MjQ0NjkzMTg1OWE1ZWVjZmYyOCIsInVzZXJuYW1lIjoiMGlyYWdtenZjdyIsImV4cCI6MTYxMzE0NzIwNCwiaWF0IjoxNjA3OTYzMjA0fQ.Q_YlPly2RwNYHOKY2S8sXnAJH-VZ0Ra8aLqNyVbdMo4"
    }
}
 HTTP/1.1 200 OK
Server: nginx/1.14.0 (Ubuntu)
Date: Mon, 14 Dec 2020 16:26:44 GMT
Content-Type: application/json; charset=utf-8
Content-Length: 277
Connection: keep-alive
X-Powered-By: Express
Vary: X-HTTP-Method-Override
ETag: W/"115-nbSW8zyNQ6ykmwwNWp44Xw"
Strict-Transport-Security: max-age=15768000

{
    "user": {
        "username": "0iragmzvcw",
        "email": "ito41gsn8l@jmtz.pl",
        "token": "eyJhbGciOiJIUzI1NiIsInR5cCI6IkpXVCJ9.eyJpZCI6IjVmZDc5MjQ0NjkzMTg1OWE1ZWVjZmYyOCIsInVzZXJuYW1lIjoiMGlyYWdtenZjdyIsImV4cCI6MTYxMzE0NzIwNCwiaWF0IjoxNjA3OTYzMjA0fQ.Q_YlPly2RwNYHOKY2S8sXnAJH-VZ0Ra8aLqNyVbdMo4"
    }
}  </system-out>
</testsuite> <!-- api.users.TestRegisterUser -->
