<?xml version="1.0" encoding="UTF-8"?>
<!-- Generated by org.testng.reporters.JUnitReportReporter -->
<testsuite hostname="Vorgan" failures="0" tests="2" name="api.users.TestRegisterUser" time="1.212" errors="0" timestamp="2020-12-21T15:08:35 CET" skipped="0">
  <testcase classname="api.users.TestRegisterUser" name="registerUserHappy" time="0.631"/>
  <system-out>
Request method:	POST
Request URI:	https://qa-task.backbasecloud.com/api/users
Proxy:			<none>
Request params:	<none>
Query params:	<none>
Form params:	<none>
Path params:	<none>
Headers:		authorization=Basic Y2FuZGlkYXRleDpxYS1pcy1jb29s
				authority=qa-task.backbasecloud.com
				Accept=application/json, application/javascript, text/javascript, text/json
				Content-Type=application/json; charset=UTF-8
Cookies:		<none>
Multiparts:		<none>
Body:
{
    "user": {
        "email": "2PFc4LMO1C@njxq.pl",
        "password": "D2Gv7n",
        "username": "l1Gmx5KYec",
        "token": null
    }
}
 Request method:	POST
Request URI:	https://qa-task.backbasecloud.com/api/users
Proxy:			<none>
Request params:	<none>
Query params:	<none>
Form params:	<none>
Path params:	<none>
Headers:		authorization=Basic Y2FuZGlkYXRleDpxYS1pcy1jb29s
				authority=qa-task.backbasecloud.com
				Accept=application/json, application/javascript, text/javascript, text/json
				Content-Type=application/json; charset=UTF-8
Cookies:		<none>
Multiparts:		<none>
Body:
{
    "user": {
        "email": "2PFc4LMO1C@njxq.pl",
        "password": "D2Gv7n",
        "username": "l1Gmx5KYec",
        "token": null
    }
} HTTP/1.1 200 OK
Server: nginx/1.14.0 (Ubuntu)
Date: Mon, 21 Dec 2020 14:08:28 GMT
Content-Type: application/json; charset=utf-8
Content-Length: 277
Connection: keep-alive
X-Powered-By: Express
Vary: X-HTTP-Method-Override
ETag: W/"115-TMptxLEeDr4hiMT6bpboBg"
Strict-Transport-Security: max-age=15768000

{
    "user": {
        "username": "l1gmx5kyec",
        "email": "2pfc4lmo1c@njxq.pl",
        "token": "eyJhbGciOiJIUzI1NiIsInR5cCI6IkpXVCJ9.eyJpZCI6IjVmZTBhYzVjNjkzMTg1OWE1ZWVkMDMwNiIsInVzZXJuYW1lIjoibDFnbXg1a3llYyIsImV4cCI6MTYxMzc0MzcwOCwiaWF0IjoxNjA4NTU5NzA4fQ.KUG7CNMBzoDLlj2wwPn_3UgUvna5erC_ntXZZYqo6yc"
    }
}
 HTTP/1.1 200 OK
Server: nginx/1.14.0 (Ubuntu)
Date: Mon, 21 Dec 2020 14:08:28 GMT
Content-Type: application/json; charset=utf-8
Content-Length: 277
Connection: keep-alive
X-Powered-By: Express
Vary: X-HTTP-Method-Override
ETag: W/"115-TMptxLEeDr4hiMT6bpboBg"
Strict-Transport-Security: max-age=15768000

{
    "user": {
        "username": "l1gmx5kyec",
        "email": "2pfc4lmo1c@njxq.pl",
        "token": "eyJhbGciOiJIUzI1NiIsInR5cCI6IkpXVCJ9.eyJpZCI6IjVmZTBhYzVjNjkzMTg1OWE1ZWVkMDMwNiIsInVzZXJuYW1lIjoibDFnbXg1a3llYyIsImV4cCI6MTYxMzc0MzcwOCwiaWF0IjoxNjA4NTU5NzA4fQ.KUG7CNMBzoDLlj2wwPn_3UgUvna5erC_ntXZZYqo6yc"
    }
}  </system-out>
  <testcase classname="api.users.TestRegisterUser" name="registerUserMissingPassword" time="0.581"/>
  <system-out>
Request method:	POST
Request URI:	https://qa-task.backbasecloud.com/api/users
Proxy:			<none>
Request params:	<none>
Query params:	<none>
Form params:	<none>
Path params:	<none>
Headers:		authorization=Basic Y2FuZGlkYXRleDpxYS1pcy1jb29s
				authority=qa-task.backbasecloud.com
				Accept=application/json, application/javascript, text/javascript, text/json
				Content-Type=application/json; charset=UTF-8
Cookies:		<none>
Multiparts:		<none>
Body:
{
    "user": {
        "email": "kknwWfFWff@kWkw.pl",
        "password": null,
        "username": "lMzjCHbGEU",
        "token": null
    }
}
 Request method:	POST
Request URI:	https://qa-task.backbasecloud.com/api/users
Proxy:			<none>
Request params:	<none>
Query params:	<none>
Form params:	<none>
Path params:	<none>
Headers:		authorization=Basic Y2FuZGlkYXRleDpxYS1pcy1jb29s
				authority=qa-task.backbasecloud.com
				Accept=application/json, application/javascript, text/javascript, text/json
				Content-Type=application/json; charset=UTF-8
Cookies:		<none>
Multiparts:		<none>
Body:
{
    "user": {
        "email": "kknwWfFWff@kWkw.pl",
        "password": null,
        "username": "lMzjCHbGEU",
        "token": null
    }
} HTTP/1.1 500 Internal Server Error
Server: nginx/1.14.0 (Ubuntu)
Date: Mon, 21 Dec 2020 14:08:29 GMT
Content-Type: application/json; charset=utf-8
Content-Length: 143
Connection: keep-alive
X-Powered-By: Express
Vary: X-HTTP-Method-Override
ETag: W/"8f-KLq9HHrLocDxBRW98sZsYQ"
Strict-Transport-Security: max-age=15768000

{
    "errors": {
        "message": "The \"password\" argument must be one of type string, Buffer, TypedArray, or DataView. Received type object",
        "error": {
            
        }
    }
}
 HTTP/1.1 500 Internal Server Error
Server: nginx/1.14.0 (Ubuntu)
Date: Mon, 21 Dec 2020 14:08:29 GMT
Content-Type: application/json; charset=utf-8
Content-Length: 143
Connection: keep-alive
X-Powered-By: Express
Vary: X-HTTP-Method-Override
ETag: W/"8f-KLq9HHrLocDxBRW98sZsYQ"
Strict-Transport-Security: max-age=15768000

{
    "errors": {
        "message": "The \"password\" argument must be one of type string, Buffer, TypedArray, or DataView. Received type object",
        "error": {
            
        }
    }
}  </system-out>
</testsuite> <!-- api.users.TestRegisterUser -->
